<?xml version="1.0" encoding="UTF-8"?>
<!-- Generated by org.testng.reporters.JUnitXMLReporter -->
<testsuite ignored="0" hostname="sadman" failures="0" tests="3" name="Default test" time="9.382" errors="0" timestamp="2024-09-28T19:07:47 GMT+06:00">
  <testcase classname="pathao.trackOrder" name="openApp" time="9.351"/>
  <testcase classname="pathao.trackOrder" name="EnterTrackingID" time="0.003"/>
  <testcase classname="pathao.trackOrder" name="ExitApp" time="0.0"/>
</testsuite> <!-- Default test -->
