<?xml version="1.0" encoding="UTF-8"?>
<!-- Generated by org.testng.reporters.JUnitXMLReporter -->
<testsuite ignored="0" hostname="sadman" failures="0" tests="7" name="Test" time="31.426" errors="0" timestamp="2024-09-28T19:09:40 GMT+06:00">
  <testcase classname="pathao.loginPagevalidation" name="openapp" time="10.872"/>
  <testcase classname="pathao.loginPagevalidation" name="testlogo" time="2.102"/>
  <testcase classname="pathao.loginPagevalidation" name="login" time="2.445"/>
  <testcase classname="pathao.loginPagevalidation" name="logout" time="3.099"/>
  <testcase classname="pathao.trackOrder" name="openApp" time="12.863"/>
  <testcase classname="pathao.trackOrder" name="EnterTrackingID" time="0.002"/>
  <testcase classname="pathao.trackOrder" name="ExitApp" time="0.001"/>
</testsuite> <!-- Test -->
