<?xml version="1.0" encoding="UTF-8"?>
<testng-results ignored="0" total="7" passed="7" failed="0" skipped="0">
  <reporter-output>
  </reporter-output>
  <suite started-at="2024-09-28T19:09:08 GMT+06:00" name="Suite" finished-at="2024-09-28T19:09:40 GMT+06:00" duration-ms="31426">
    <groups>
    </groups>
    <test started-at="2024-09-28T19:09:08 GMT+06:00" name="Test" finished-at="2024-09-28T19:09:40 GMT+06:00" duration-ms="31426">
      <class name="pathao.loginPagevalidation">
        <test-method signature="openapp()[pri:1, instance:pathao.loginPagevalidation@79e2c065]" started-at="2024-09-28T19:09:08 GMT+06:00" name="openapp" finished-at="2024-09-28T19:09:19 GMT+06:00" duration-ms="10872" status="PASS">
          <reporter-output>
          </reporter-output>
        </test-method> <!-- openapp -->
        <test-method signature="testlogo()[pri:2, instance:pathao.loginPagevalidation@79e2c065]" started-at="2024-09-28T19:09:19 GMT+06:00" name="testlogo" finished-at="2024-09-28T19:09:21 GMT+06:00" duration-ms="2102" status="PASS">
          <reporter-output>
          </reporter-output>
        </test-method> <!-- testlogo -->
        <test-method signature="login()[pri:3, instance:pathao.loginPagevalidation@79e2c065]" started-at="2024-09-28T19:09:21 GMT+06:00" name="login" finished-at="2024-09-28T19:09:24 GMT+06:00" duration-ms="2445" status="PASS">
          <reporter-output>
          </reporter-output>
        </test-method> <!-- login -->
        <test-method signature="logout()[pri:4, instance:pathao.loginPagevalidation@79e2c065]" started-at="2024-09-28T19:09:24 GMT+06:00" name="logout" finished-at="2024-09-28T19:09:27 GMT+06:00" duration-ms="3099" status="PASS">
          <reporter-output>
          </reporter-output>
        </test-method> <!-- logout -->
      </class> <!-- pathao.loginPagevalidation -->
      <class name="pathao.trackOrder">
        <test-method signature="openApp()[pri:1, instance:pathao.trackOrder@223d2c72]" started-at="2024-09-28T19:09:27 GMT+06:00" name="openApp" finished-at="2024-09-28T19:09:40 GMT+06:00" duration-ms="12863" status="PASS">
          <reporter-output>
          </reporter-output>
        </test-method> <!-- openApp -->
        <test-method signature="EnterTrackingID()[pri:2, instance:pathao.trackOrder@223d2c72]" started-at="2024-09-28T19:09:40 GMT+06:00" name="EnterTrackingID" finished-at="2024-09-28T19:09:40 GMT+06:00" duration-ms="2" status="PASS">
          <reporter-output>
          </reporter-output>
        </test-method> <!-- EnterTrackingID -->
        <test-method signature="ExitApp()[pri:3, instance:pathao.trackOrder@223d2c72]" started-at="2024-09-28T19:09:40 GMT+06:00" name="ExitApp" finished-at="2024-09-28T19:09:40 GMT+06:00" duration-ms="1" status="PASS">
          <reporter-output>
          </reporter-output>
        </test-method> <!-- ExitApp -->
      </class> <!-- pathao.trackOrder -->
    </test> <!-- Test -->
  </suite> <!-- Suite -->
</testng-results>
